2021-01-28T08:06:41+00:00 INFO Require to run updater..Start Installation/ Update process
2021-01-28T08:06:41+00:00 INFO Needs DB Update?
2021-01-28T08:06:41+00:00 INFO Current DB Version: 4.6.6
2021-01-28T08:06:41+00:00 INFO Database update require. Start updating database
2021-01-28T08:06:41+00:00 INFO Do Update....
2021-01-28T08:06:41+00:00 INFO Current IG ES DB Version: 4.6.6
2021-01-28T08:06:41+00:00 INFO [Queue] ig_es_update_467_alter_contacts_table
2021-01-28T08:06:41+00:00 INFO [Queue] ig_es_add_country_code_to_contacts_table
2021-01-28T08:06:41+00:00 INFO [Queue] ig_es_update_467_db_version
2021-01-28T08:06:41+00:00 INFO Yes, we have tasks to process
2021-01-28T08:06:41+00:00 INFO --------------------- Started To Run Task Again---------------------
2021-01-28T08:06:41+00:00 INFO [Processing] ig_es_update_467_alter_contacts_table
2021-01-28T08:06:41+00:00 INFO --- Running Task - ig_es_update_467_alter_contacts_table
2021-01-28T08:06:41+00:00 INFO --- Finished Task - ig_es_update_467_alter_contacts_table 
2021-01-28T08:06:41+00:00 INFO [Processed] ig_es_update_467_alter_contacts_table
2021-01-28T08:06:41+00:00 INFO [Processing] ig_es_add_country_code_to_contacts_table
2021-01-28T08:06:41+00:00 INFO --- Running Task - ig_es_add_country_code_to_contacts_table
2021-01-28T08:06:41+00:00 INFO --- Finished Task - ig_es_add_country_code_to_contacts_table 
2021-01-28T08:06:41+00:00 INFO [Processed] ig_es_add_country_code_to_contacts_table
2021-01-28T08:06:41+00:00 INFO [Processing] ig_es_update_467_db_version
2021-01-28T08:06:41+00:00 INFO --- Running Task - ig_es_update_467_db_version
2021-01-28T08:06:41+00:00 INFO --- Finished Task - ig_es_update_467_db_version 
2021-01-28T08:06:41+00:00 INFO [Processed] ig_es_update_467_db_version
