2020-01-28T05:34:33+00:00 INFO Require to run updater..Start Installation/ Update process
2020-01-28T05:34:33+00:00 INFO Needs DB Update?
2020-01-28T05:34:33+00:00 INFO Current DB Version: 4.2.1
2020-01-28T05:34:33+00:00 INFO Database update require. Start updating database
2020-01-28T05:34:33+00:00 INFO Do Update....
2020-01-28T05:34:33+00:00 INFO Current IG ES DB Version: 4.2.1
2020-01-28T05:34:33+00:00 INFO [Queue] ig_es_update_424_drop_tables
2020-01-28T05:34:33+00:00 INFO [Queue] ig_es_update_424_create_tables
2020-01-28T05:34:33+00:00 INFO [Queue] ig_es_update_424_db_version
2020-01-28T05:34:33+00:00 INFO [Queue] ig_es_update_430_alter_campaigns_table
2020-01-28T05:34:33+00:00 INFO [Queue] ig_es_update_430_db_version
2020-01-28T05:34:33+00:00 INFO [Queue] ig_es_update_431_set_default_permissions
2020-01-28T05:34:33+00:00 INFO [Queue] ig_es_update_431_permanently_delete_lists
2020-01-28T05:34:33+00:00 INFO [Queue] ig_es_update_431_permanently_delete_forms
2020-01-28T05:34:33+00:00 INFO [Queue] ig_es_update_431_disable_autoload_options
2020-01-28T05:34:33+00:00 INFO [Queue] ig_es_update_431_db_version
2020-01-28T05:34:33+00:00 INFO [Queue] ig_es_update_432_import_bfcm_templates
2020-01-28T05:34:33+00:00 INFO [Queue] ig_es_update_432_db_version
2020-01-28T05:34:33+00:00 INFO [Queue] ig_es_update_434_permanently_delete_campaigns
2020-01-28T05:34:33+00:00 INFO [Queue] ig_es_update_434_db_version
2020-01-28T05:34:33+00:00 INFO Yes, we have tasks to process
2020-01-28T05:34:33+00:00 INFO --------------------- Started To Run Task Again---------------------
2020-01-28T05:34:33+00:00 INFO [Processing] ig_es_update_424_drop_tables
2020-01-28T05:34:33+00:00 INFO --- Running Task - ig_es_update_424_drop_tables
2020-01-28T05:34:33+00:00 INFO --- Finished Task - ig_es_update_424_drop_tables 
2020-01-28T05:34:33+00:00 INFO [Processed] ig_es_update_424_drop_tables
2020-01-28T05:34:33+00:00 INFO [Processing] ig_es_update_424_create_tables
2020-01-28T05:34:33+00:00 INFO --- Running Task - ig_es_update_424_create_tables
2020-01-28T05:34:33+00:00 INFO --- Finished Task - ig_es_update_424_create_tables 
2020-01-28T05:34:33+00:00 INFO [Processed] ig_es_update_424_create_tables
2020-01-28T05:34:33+00:00 INFO [Processing] ig_es_update_424_db_version
2020-01-28T05:34:33+00:00 INFO --- Running Task - ig_es_update_424_db_version
2020-01-28T05:34:33+00:00 INFO --- Finished Task - ig_es_update_424_db_version 
2020-01-28T05:34:33+00:00 INFO [Processed] ig_es_update_424_db_version
2020-01-28T05:34:33+00:00 INFO [Processing] ig_es_update_430_alter_campaigns_table
2020-01-28T05:34:33+00:00 INFO --- Running Task - ig_es_update_430_alter_campaigns_table
2020-01-28T05:34:33+00:00 INFO --- Finished Task - ig_es_update_430_alter_campaigns_table 
2020-01-28T05:34:33+00:00 INFO [Processed] ig_es_update_430_alter_campaigns_table
2020-01-28T05:34:33+00:00 INFO [Processing] ig_es_update_430_db_version
2020-01-28T05:34:33+00:00 INFO --- Running Task - ig_es_update_430_db_version
2020-01-28T05:34:33+00:00 INFO --- Finished Task - ig_es_update_430_db_version 
2020-01-28T05:34:33+00:00 INFO [Processed] ig_es_update_430_db_version
2020-01-28T05:34:33+00:00 INFO [Processing] ig_es_update_431_set_default_permissions
2020-01-28T05:34:33+00:00 INFO --- Running Task - ig_es_update_431_set_default_permissions
2020-01-28T05:34:33+00:00 INFO --- Finished Task - ig_es_update_431_set_default_permissions 
2020-01-28T05:34:33+00:00 INFO [Processed] ig_es_update_431_set_default_permissions
2020-01-28T05:34:33+00:00 INFO [Processing] ig_es_update_431_permanently_delete_lists
2020-01-28T05:34:33+00:00 INFO --- Running Task - ig_es_update_431_permanently_delete_lists
2020-01-28T05:34:33+00:00 INFO --- Finished Task - ig_es_update_431_permanently_delete_lists 
2020-01-28T05:34:33+00:00 INFO [Processed] ig_es_update_431_permanently_delete_lists
2020-01-28T05:34:33+00:00 INFO [Processing] ig_es_update_431_permanently_delete_forms
2020-01-28T05:34:33+00:00 INFO --- Running Task - ig_es_update_431_permanently_delete_forms
2020-01-28T05:34:33+00:00 INFO --- Finished Task - ig_es_update_431_permanently_delete_forms 
2020-01-28T05:34:33+00:00 INFO [Processed] ig_es_update_431_permanently_delete_forms
2020-01-28T05:34:33+00:00 INFO [Processing] ig_es_update_431_disable_autoload_options
2020-01-28T05:34:33+00:00 INFO --- Running Task - ig_es_update_431_disable_autoload_options
2020-01-28T05:34:33+00:00 INFO --- Finished Task - ig_es_update_431_disable_autoload_options 
2020-01-28T05:34:33+00:00 INFO [Processed] ig_es_update_431_disable_autoload_options
2020-01-28T05:34:33+00:00 INFO [Processing] ig_es_update_431_db_version
2020-01-28T05:34:33+00:00 INFO --- Running Task - ig_es_update_431_db_version
2020-01-28T05:34:33+00:00 INFO --- Finished Task - ig_es_update_431_db_version 
2020-01-28T05:34:33+00:00 INFO [Processed] ig_es_update_431_db_version
2020-01-28T05:34:33+00:00 INFO [Processing] ig_es_update_432_import_bfcm_templates
2020-01-28T05:34:33+00:00 INFO --- Running Task - ig_es_update_432_import_bfcm_templates
2020-01-28T05:34:33+00:00 INFO --- Finished Task - ig_es_update_432_import_bfcm_templates 
2020-01-28T05:34:33+00:00 INFO [Processed] ig_es_update_432_import_bfcm_templates
2020-01-28T05:34:33+00:00 INFO [Processing] ig_es_update_432_db_version
2020-01-28T05:34:33+00:00 INFO --- Running Task - ig_es_update_432_db_version
2020-01-28T05:34:33+00:00 INFO --- Finished Task - ig_es_update_432_db_version 
2020-01-28T05:34:33+00:00 INFO [Processed] ig_es_update_432_db_version
2020-01-28T05:34:33+00:00 INFO [Processing] ig_es_update_434_permanently_delete_campaigns
2020-01-28T05:34:33+00:00 INFO --- Running Task - ig_es_update_434_permanently_delete_campaigns
2020-01-28T05:34:33+00:00 INFO --- Finished Task - ig_es_update_434_permanently_delete_campaigns 
2020-01-28T05:34:33+00:00 INFO [Processed] ig_es_update_434_permanently_delete_campaigns
2020-01-28T05:34:33+00:00 INFO [Processing] ig_es_update_434_db_version
2020-01-28T05:34:33+00:00 INFO --- Running Task - ig_es_update_434_db_version
2020-01-28T05:34:33+00:00 INFO --- Finished Task - ig_es_update_434_db_version 
2020-01-28T05:34:33+00:00 INFO [Processed] ig_es_update_434_db_version
